<?xml version="1.0" encoding="UTF-8"?>
<robot generator="Robot 5.0 (Python 3.10.2 on win32)" generated="20220512 15:56:26.703" rpa="false" schemaversion="3">
<suite id="s1" name="Arguments Test" source="C:\Python\Test_Project\TestSuite\Manual_Testing\Arguments_Test.robot">
<kw name="Set Selenium Speed" library="SeleniumLibrary" type="SETUP">
<arg>0.5</arg>
<doc>Sets the delay that is waited after each Selenium command.</doc>
<status status="PASS" starttime="20220512 15:56:27.135" endtime="20220512 15:56:27.136"/>
</kw>
<test id="s1-t1" name="TC01_login_with_admin" line="13">
<kw name="given login_admin" library="KW_login">
<arg>tao.dang@tpptechnology.com</arg>
<arg>tppPassword2021</arg>
<kw name="Open Browser" library="SeleniumLibrary">
<arg>${url}</arg>
<arg>${ENV_web}</arg>
<doc>Opens a new browser instance to the optional ``url``.</doc>
<msg timestamp="20220512 15:56:27.138" level="INFO">Opening browser 'Chrome' to base url 'https://mpl-dashboard.tpptechnology.com/adminlogin'.</msg>
<msg timestamp="20220512 15:56:31.292" level="INFO">Cannot capture screenshot because no browser is open.</msg>
<msg timestamp="20220512 15:56:31.296" level="FAIL">SessionNotCreatedException: Message: session not created: This version of ChromeDriver only supports Chrome version 99
Current browser version is 101.0.4951.54 with binary path C:\Program Files (x86)\Google\Chrome\Application\chrome.exe
Stacktrace:
Backtrace:
	Ordinal0 [0x003A9943+2595139]
	Ordinal0 [0x0033C9F1+2148849]
	Ordinal0 [0x00234528+1066280]
	Ordinal0 [0x002542C3+1196739]
	Ordinal0 [0x0024FE37+1179191]
	Ordinal0 [0x0024D6F1+1169137]
	Ordinal0 [0x00280530+1377584]
	Ordinal0 [0x0028018A+1376650]
	Ordinal0 [0x0027B806+1357830]
	Ordinal0 [0x00256086+1204358]
	Ordinal0 [0x00256F96+1208214]
	GetHandleVerifier [0x0054B232+1658114]
	GetHandleVerifier [0x0060312C+2411516]
	GetHandleVerifier [0x0043F261+560433]
	GetHandleVerifier [0x0043E366+556598]
	Ordinal0 [0x0034286B+2173035]
	Ordinal0 [0x003475F8+2192888]
	Ordinal0 [0x003476E5+2193125]
	Ordinal0 [0x003511FC+2232828]
	BaseThreadInitThunk [0x7593FA29+25]
	RtlGetAppContainerNamedObjectPath [0x777D7A7E+286]
	RtlGetAppContainerNamedObjectPath [0x777D7A4E+238]
</msg>
<status status="FAIL" starttime="20220512 15:56:27.138" endtime="20220512 15:56:31.306"/>
</kw>
<kw name="Maximize Browser Window" library="SeleniumLibrary">
<doc>Maximizes current browser window.</doc>
<status status="NOT RUN" starttime="20220512 15:56:31.309" endtime="20220512 15:56:31.309"/>
</kw>
<kw name="Input Text" library="SeleniumLibrary">
<arg>${email_field}</arg>
<arg>${email_value}</arg>
<doc>Types the given ``text`` into the text field identified by ``locator``.</doc>
<status status="NOT RUN" starttime="20220512 15:56:31.310" endtime="20220512 15:56:31.310"/>
</kw>
<kw name="Input Password" library="SeleniumLibrary">
<arg>${password_field}</arg>
<arg>${password_value}</arg>
<doc>Types the given password into the text field identified by ``locator``.</doc>
<status status="NOT RUN" starttime="20220512 15:56:31.310" endtime="20220512 15:56:31.311"/>
</kw>
<kw name="Click Element" library="SeleniumLibrary">
<arg>${login_button}</arg>
<doc>Click the element identified by ``locator``.</doc>
<status status="NOT RUN" starttime="20220512 15:56:31.311" endtime="20220512 15:56:31.311"/>
</kw>
<kw name="Sleep" library="BuiltIn">
<arg>5</arg>
<doc>Pauses the test executed for the given time.</doc>
<status status="NOT RUN" starttime="20220512 15:56:31.312" endtime="20220512 15:56:31.312"/>
</kw>
<status status="FAIL" starttime="20220512 15:56:27.137" endtime="20220512 15:56:31.315"/>
</kw>
<kw name="Close Browser" library="SeleniumLibrary" type="TEARDOWN">
<doc>Closes the current browser.</doc>
<status status="PASS" starttime="20220512 15:56:31.319" endtime="20220512 15:56:31.320"/>
</kw>
<status status="FAIL" starttime="20220512 15:56:27.136" endtime="20220512 15:56:31.322">SessionNotCreatedException: Message: session not created: This version of ChromeDriver only supports Chrome version 99
Current browser version is 101.0.4951.54 with binary path C:\Program Files (x86)\Google\Chrome\Application\chrome.exe
Stacktrace:
Backtrace:
	Ordinal0 [0x003A9943+2595139]
	Ordinal0 [0x0033C9F1+2148849]
	Ordinal0 [0x00234528+1066280]
	Ordinal0 [0x002542C3+1196739]
	Ordinal0 [0x0024FE37+1179191]
	Ordinal0 [0x0024D6F1+1169137]
	Ordinal0 [0x00280530+1377584]
	Ordinal0 [0x0028018A+1376650]
	Ordinal0 [0x0027B806+1357830]
	Ordinal0 [0x00256086+1204358]
	Ordinal0 [0x00256F96+1208214]
	GetHandleVerifier [0x0054B232+1658114]
	GetHandleVerifier [0x0060312C+2411516]
	GetHandleVerifier [0x0043F261+560433]
	GetHandleVerifier [0x0043E366+556598]
	Ordinal0 [0x0034286B+2173035]
	Ordinal0 [0x003475F8+2192888]
	Ordinal0 [0x003476E5+2193125]
	Ordinal0 [0x003511FC+2232828]
	BaseThreadInitThunk [0x7593FA29+25]
	RtlGetAppContainerNamedObjectPath [0x777D7A7E+286]
	RtlGetAppContainerNamedObjectPath [0x777D7A4E+238]
</status>
</test>
<status status="FAIL" starttime="20220512 15:56:26.707" endtime="20220512 15:56:31.361"/>
</suite>
<statistics>
<total>
<stat pass="0" fail="1" skip="0">All Tests</stat>
</total>
<tag>
</tag>
<suite>
<stat pass="0" fail="1" skip="0" id="s1" name="Arguments Test">Arguments Test</stat>
</suite>
</statistics>
<errors>
</errors>
</robot>
